[32minfo[39m: Application running at http://localhost:3000 
[32minfo[39m: Press CTRL + C to stop the application
[31merror[39m: [object Object]
[32minfo[39m: Application running at http://localhost:3000 
[32minfo[39m: Press CTRL + C to stop the application
[32minfo[39m: Application running at http://localhost:3000 
[32minfo[39m: Press CTRL + C to stop the application
[32minfo[39m: Application running at http://localhost:3000 
[32minfo[39m: Press CTRL + C to stop the application
[31merror[39m: [object Object]
[31merror[39m: [object Object]
[31merror[39m: [object Object]
[31merror[39m: [object Object]
[31merror[39m: [object Object]
[31merror[39m: [object Object]
[32minfo[39m: Application running at http://localhost:3000 
[32minfo[39m: Press CTRL + C to stop the application
[31merror[39m: [object Object]
[31merror[39m: [object Object]
[31merror[39m: [object Object]
[31merror[39m: [object Object]
[32minfo[39m: Application running at http://localhost:3000 
[32minfo[39m: Press CTRL + C to stop the application
[31merror[39m: [object Object]
[31merror[39m: [object Object]
[31merror[39m: [object Object]
[31merror[39m: [object Object]
[31merror[39m: [object Object]
[32minfo[39m: Application running at http://localhost:3000 
[32minfo[39m: Press CTRL + C to stop the application
[32minfo[39m: Application running at http://localhost:3000 
[32minfo[39m: Press CTRL + C to stop the application
[32minfo[39m: Application running at http://localhost:3000 
[32minfo[39m: Press CTRL + C to stop the application
[32minfo[39m: Application running at http://localhost:3000 
[32minfo[39m: Press CTRL + C to stop the application
[32minfo[39m: Application running at http://localhost:3000 
[32minfo[39m: Press CTRL + C to stop the application
[32minfo[39m: Application running at http://localhost:3000 
[32minfo[39m: Press CTRL + C to stop the application
[32minfo[39m: Application running at http://localhost:3000 
[32minfo[39m: Press CTRL + C to stop the application
[31merror[39m: [object Object]
[31merror[39m: [object Object]
[31merror[39m: [object Object]
[31merror[39m: [object Object]
[31merror[39m: [object Object]
[31merror[39m: [object Object]
[32minfo[39m: Application running at http://localhost:3000 
[32minfo[39m: Press CTRL + C to stop the application
[31merror[39m: response.status is not a function
[31merror[39m: response.status is not a function
[32minfo[39m: Application running at http://localhost:3000 
[32minfo[39m: Press CTRL + C to stop the application
[31merror[39m: response.status is not a function
[31merror[39m: response.status is not a function
[31merror[39m: response.status is not a function
[31merror[39m: response.status is not a function
[32minfo[39m: Application running at http://localhost:3000 
[32minfo[39m: Press CTRL + C to stop the application
[32minfo[39m: Application running at http://localhost:3000 
[32minfo[39m: Press CTRL + C to stop the application
[31merror[39m: response.status is not a function
[31merror[39m: response.status is not a function
[32minfo[39m: Application running at http://localhost:3000 
[32minfo[39m: Press CTRL + C to stop the application
[31merror[39m: response.status is not a function
[31merror[39m: response.status is not a function
[31merror[39m: response.status is not a function
[32minfo[39m: Application running at http://localhost:3000 
[32minfo[39m: Press CTRL + C to stop the application
[31merror[39m: response.status is not a function
[31merror[39m: response.status is not a function
[31merror[39m: response.status is not a function
[31merror[39m: response.status is not a function
[31merror[39m: response.status is not a function
[31merror[39m: response.status is not a function
[31merror[39m: response.status is not a function
[32minfo[39m: Application running at http://localhost:3000 
[32minfo[39m: Press CTRL + C to stop the application
[31merror[39m: response.status is not a function
[31merror[39m: response.status is not a function
[31merror[39m: response.status is not a function
[31merror[39m: response.status is not a function
[31merror[39m: response.status is not a function
[31merror[39m: response.status is not a function
[32minfo[39m: Application running at http://localhost:3000 
[32minfo[39m: Press CTRL + C to stop the application
[31merror[39m: response.status is not a function
[31merror[39m: response.status is not a function
[32minfo[39m: Application running at http://localhost:3000 
[32minfo[39m: Press CTRL + C to stop the application
[31merror[39m: Cannot read property 'header' of undefined
[31merror[39m: Cannot read property 'header' of undefined
[32minfo[39m: Application running at http://localhost:3000 
[32minfo[39m: Press CTRL + C to stop the application
[31merror[39m: Cannot read property 'status' of undefined
[31merror[39m: Cannot read property 'status' of undefined
[32minfo[39m: Application running at http://localhost:3000 
[32minfo[39m: Press CTRL + C to stop the application
[32minfo[39m: Application running at http://localhost:3000 
[32minfo[39m: Press CTRL + C to stop the application
[32minfo[39m: Application running at http://localhost:3000 
[32minfo[39m: Press CTRL + C to stop the application
[32minfo[39m: Application running at http://localhost:3000 
[32minfo[39m: Press CTRL + C to stop the application
[32minfo[39m: Application running at http://localhost:3000 
[32minfo[39m: Press CTRL + C to stop the application
[32minfo[39m: Application running at http://localhost:3000 
[32minfo[39m: Press CTRL + C to stop the application
[32minfo[39m: Application running at http://localhost:3000 
[32minfo[39m: Press CTRL + C to stop the application
[32minfo[39m: Application running at http://localhost:3000 
[32minfo[39m: Press CTRL + C to stop the application
[32minfo[39m: Application running at http://localhost:3000 
[32minfo[39m: Press CTRL + C to stop the application
[32minfo[39m: Application running at http://localhost:3000 
[32minfo[39m: Press CTRL + C to stop the application
[32minfo[39m: Application running at http://localhost:3000 
[32minfo[39m: Press CTRL + C to stop the application
